C:\USERS\BONIFACE\DOCUMENTS\JEFF STATE\SPRING 13\C++\LABS\LABWORK\DEBUG\BSINDALA_PROJECT03.OBJ
C:\Users\Boniface\Documents\Jeff State\Spring 13\C++\Labs\LabWork\Debug\cl.command.1.tlog
C:\Users\Boniface\Documents\Jeff State\Spring 13\C++\Labs\LabWork\Debug\CL.read.1.tlog
C:\Users\Boniface\Documents\Jeff State\Spring 13\C++\Labs\LabWork\Debug\CL.write.1.tlog
C:\USERS\BONIFACE\DOCUMENTS\JEFF STATE\SPRING 13\C++\LABS\LABWORK\DEBUG\LABWORK.EXE
C:\USERS\BONIFACE\DOCUMENTS\JEFF STATE\SPRING 13\C++\LABS\LABWORK\DEBUG\LABWORK.EXE.EMBED.MANIFEST
C:\USERS\BONIFACE\DOCUMENTS\JEFF STATE\SPRING 13\C++\LABS\LABWORK\DEBUG\LABWORK.EXE.EMBED.MANIFEST.RES
C:\USERS\BONIFACE\DOCUMENTS\JEFF STATE\SPRING 13\C++\LABS\LABWORK\DEBUG\LABWORK.EXE.INTERMEDIATE.MANIFEST
C:\USERS\BONIFACE\DOCUMENTS\JEFF STATE\SPRING 13\C++\LABS\LABWORK\DEBUG\LABWORK.ILK
C:\USERS\BONIFACE\DOCUMENTS\JEFF STATE\SPRING 13\C++\LABS\LABWORK\DEBUG\LABWORK.PDB
C:\Users\Boniface\Documents\Jeff State\Spring 13\C++\Labs\LabWork\Debug\LabWork.write.1.tlog
C:\Users\Boniface\Documents\Jeff State\Spring 13\C++\Labs\LabWork\Debug\LabWork_manifest.rc
C:\Users\Boniface\Documents\Jeff State\Spring 13\C++\Labs\LabWork\Debug\link.9388.read.1.tlog
C:\Users\Boniface\Documents\Jeff State\Spring 13\C++\Labs\LabWork\Debug\link.9388.write.1.tlog
C:\Users\Boniface\Documents\Jeff State\Spring 13\C++\Labs\LabWork\Debug\link.9388-cvtres.read.1.tlog
C:\Users\Boniface\Documents\Jeff State\Spring 13\C++\Labs\LabWork\Debug\link.9388-cvtres.write.1.tlog
C:\Users\Boniface\Documents\Jeff State\Spring 13\C++\Labs\LabWork\Debug\link.command.1.tlog
C:\Users\Boniface\Documents\Jeff State\Spring 13\C++\Labs\LabWork\Debug\link.read.1.tlog
C:\Users\Boniface\Documents\Jeff State\Spring 13\C++\Labs\LabWork\Debug\link.write.1.tlog
C:\Users\Boniface\Documents\Jeff State\Spring 13\C++\Labs\LabWork\Debug\link-cvtres.read.1.tlog
C:\Users\Boniface\Documents\Jeff State\Spring 13\C++\Labs\LabWork\Debug\link-cvtres.write.1.tlog
C:\Users\Boniface\Documents\Jeff State\Spring 13\C++\Labs\LabWork\Debug\mt.command.1.tlog
C:\Users\Boniface\Documents\Jeff State\Spring 13\C++\Labs\LabWork\Debug\mt.read.1.tlog
C:\Users\Boniface\Documents\Jeff State\Spring 13\C++\Labs\LabWork\Debug\mt.write.1.tlog
C:\Users\Boniface\Documents\Jeff State\Spring 13\C++\Labs\LabWork\Debug\rc.command.1.tlog
C:\Users\Boniface\Documents\Jeff State\Spring 13\C++\Labs\LabWork\Debug\rc.read.1.tlog
C:\Users\Boniface\Documents\Jeff State\Spring 13\C++\Labs\LabWork\Debug\rc.write.1.tlog
C:\Users\Boniface\Documents\Jeff State\Spring 13\C++\Labs\LabWork\Debug\vc100.idb
C:\USERS\BONIFACE\DOCUMENTS\JEFF STATE\SPRING 13\C++\LABS\LABWORK\DEBUG\VC100.PDB
