Build started 4/29/2013 5:10:50 PM.
     1>Project "C:\Users\Boniface\Documents\Jeff State\Spring 13\C++\Labs\LabWork\LabWork.vcxproj" on node 2 (build target(s)).
     1>InitializeBuildStatus:
         Creating "Debug\LabWork.unsuccessfulbuild" because "AlwaysCreate" was specified.
       ClCompile:
         c:\Program Files (x86)\Microsoft Visual Studio 10.0\VC\bin\CL.exe /c /ZI /nologo /W3 /WX- /Od /Oy- /D WIN32 /D _DEBUG /D _CONSOLE /D _UNICODE /D UNICODE /Gm /EHsc /RTC1 /MDd /GS /fp:precise /Zc:wchar_t /Zc:forScope /Fo"Debug\\" /Fd"Debug\vc100.pdb" /Gd /TP /analyze- /errorReport:prompt BSindala_Project03.cpp
         BSindala_Project03.cpp
       ManifestResourceCompile:
         All outputs are up-to-date.
       Link:
         c:\Program Files (x86)\Microsoft Visual Studio 10.0\VC\bin\link.exe /ERRORREPORT:PROMPT /OUT:"C:\Users\Boniface\Documents\Jeff State\Spring 13\C++\Labs\LabWork\Debug\LabWork.exe" /INCREMENTAL /NOLOGO kernel32.lib user32.lib gdi32.lib winspool.lib comdlg32.lib advapi32.lib shell32.lib ole32.lib oleaut32.lib uuid.lib odbc32.lib odbccp32.lib /MANIFEST /ManifestFile:"Debug\LabWork.exe.intermediate.manifest" /MANIFESTUAC:"level='asInvoker' uiAccess='false'" /DEBUG /PDB:"C:\Users\Boniface\Documents\Jeff State\Spring 13\C++\Labs\LabWork\Debug\LabWork.pdb" /SUBSYSTEM:CONSOLE /TLBID:1 /DYNAMICBASE /NXCOMPAT /IMPLIB:"C:\Users\Boniface\Documents\Jeff State\Spring 13\C++\Labs\LabWork\Debug\LabWork.lib" /MACHINE:X86 Debug\LabWork.exe.embed.manifest.res
         Debug\BSindala_Project03.obj
       Manifest:
         C:\Program Files (x86)\Microsoft SDKs\Windows\v7.0A\bin\mt.exe /nologo /verbose /out:"Debug\LabWork.exe.embed.manifest" /manifest Debug\LabWork.exe.intermediate.manifest
         All outputs are up-to-date.
       LinkEmbedManifest:
         All outputs are up-to-date.
         LabWork.vcxproj -> C:\Users\Boniface\Documents\Jeff State\Spring 13\C++\Labs\LabWork\Debug\LabWork.exe
       FinalizeBuildStatus:
         Deleting file "Debug\LabWork.unsuccessfulbuild".
         Touching "Debug\LabWork.lastbuildstate".
     1>Done Building Project "C:\Users\Boniface\Documents\Jeff State\Spring 13\C++\Labs\LabWork\LabWork.vcxproj" (build target(s)).

Build succeeded.

Time Elapsed 00:00:03.65
